<html>
<body>
<pre>
<h1>µVision Build Log</h1>
<h2>Tool Versions:</h2>
IDE-Version: ¦ÌVision V5.34.0.0
Copyright (C) 2021 ARM Ltd and ARM Germany GmbH. All rights reserved.
License Information: a Administrator, a, LIC=D0D7S-L8MK5-RAJDM-XC3HP-UDXA7-SUKR4
 
Tool Versions:
Toolchain:       MDK-ARM Plus  Version: 5.34.0.0
Toolchain Path:  D:\keil\ARM\ARMCLANG\Bin
C Compiler:      ArmClang.exe V6.16
Assembler:       Armasm.exe V6.16
Linker/Locator:  ArmLink.exe V6.16
Library Manager: ArmAr.exe V6.16
Hex Converter:   FromElf.exe V6.16
CPU DLL:         SARMCM3.DLL V5.34.0.0
Dialog DLL:      DCM.DLL V1.17.3.0
Target DLL:      UL2CM3.DLL V1.163.9.0
Dialog DLL:      TCM.DLL V1.48.0.0
 
<h2>Project:</h2>
C:\Users\Administrator\Desktop\FreeRtos\control_BALL\control_BALL.uvprojx
Project File Date:  04/14/2022

<h2>Output:</h2>
*** Using Compiler 'V6.16', folder: 'D:\keil\ARM\ARMCLANG\Bin'
Build target 'Project'
CMSIS/core_cm3.c(445): error: non-ASM statement in naked function is not supported
  uint32_t result=0;
  ^
CMSIS/core_cm3.c(442): note: attribute is here
uint32_t __get_PSP(void) __attribute__( ( naked ) );
                                          ^
CMSIS/core_cm3.c(465): error: parameter references not allowed in naked functions
                  "BX  lr     \n\t" : : "r" (topOfProcStack) );
                                             ^
CMSIS/core_cm3.c(461): note: attribute is here
void __set_PSP(uint32_t topOfProcStack) __attribute__( ( naked ) );
                                                         ^
CMSIS/core_cm3.c(479): error: non-ASM statement in naked function is not supported
  uint32_t result=0;
  ^
CMSIS/core_cm3.c(476): note: attribute is here
uint32_t __get_MSP(void) __attribute__( ( naked ) );
                                          ^
CMSIS/core_cm3.c(499): error: parameter references not allowed in naked functions
                  "BX  lr     \n\t" : : "r" (topOfMainStack) );
                                             ^
CMSIS/core_cm3.c(495): note: attribute is here
void __set_MSP(uint32_t topOfMainStack) __attribute__( ( naked ) );
                                                         ^
CMSIS/core_cm3.c(509): warning: no previous prototype for function '__get_BASEPRI' [-Wmissing-prototypes]
uint32_t __get_BASEPRI(void)
         ^
CMSIS/core_cm3.c(509): note: declare 'static' if the function is not intended to be used outside of this translation unit
uint32_t __get_BASEPRI(void)
^
static 
CMSIS/core_cm3.c(524): warning: no previous prototype for function '__set_BASEPRI' [-Wmissing-prototypes]
void __set_BASEPRI(uint32_t value)
     ^
CMSIS/core_cm3.c(524): note: declare 'static' if the function is not intended to be used outside of this translation unit
void __set_BASEPRI(uint32_t value)
^
static 
CMSIS/core_cm3.c(536): warning: no previous prototype for function '__get_PRIMASK' [-Wmissing-prototypes]
uint32_t __get_PRIMASK(void)
         ^
CMSIS/core_cm3.c(536): note: declare 'static' if the function is not intended to be used outside of this translation unit
uint32_t __get_PRIMASK(void)
^
static 
CMSIS/core_cm3.c(551): warning: no previous prototype for function '__set_PRIMASK' [-Wmissing-prototypes]
void __set_PRIMASK(uint32_t priMask)
     ^
CMSIS/core_cm3.c(551): note: declare 'static' if the function is not intended to be used outside of this translation unit
void __set_PRIMASK(uint32_t priMask)
^
static 
CMSIS/core_cm3.c(563): warning: no previous prototype for function '__get_FAULTMASK' [-Wmissing-prototypes]
uint32_t __get_FAULTMASK(void)
         ^
CMSIS/core_cm3.c(563): note: declare 'static' if the function is not intended to be used outside of this translation unit
uint32_t __get_FAULTMASK(void)
^
static 
CMSIS/core_cm3.c(578): warning: no previous prototype for function '__set_FAULTMASK' [-Wmissing-prototypes]
void __set_FAULTMASK(uint32_t faultMask)
     ^
CMSIS/core_cm3.c(578): note: declare 'static' if the function is not intended to be used outside of this translation unit
void __set_FAULTMASK(uint32_t faultMask)
^
static 
CMSIS/core_cm3.c(590): warning: no previous prototype for function '__get_CONTROL' [-Wmissing-prototypes]
uint32_t __get_CONTROL(void)
         ^
CMSIS/core_cm3.c(590): note: declare 'static' if the function is not intended to be used outside of this translation unit
uint32_t __get_CONTROL(void)
^
static 
CMSIS/core_cm3.c(605): warning: no previous prototype for function '__set_CONTROL' [-Wmissing-prototypes]
void __set_CONTROL(uint32_t control)
     ^
CMSIS/core_cm3.c(605): note: declare 'static' if the function is not intended to be used outside of this translation unit
void __set_CONTROL(uint32_t control)
^
static 
CMSIS/core_cm3.c(619): warning: no previous prototype for function '__REV' [-Wmissing-prototypes]
uint32_t __REV(uint32_t value)
         ^
CMSIS/core_cm3.c(619): note: declare 'static' if the function is not intended to be used outside of this translation unit
uint32_t __REV(uint32_t value)
^
static 
CMSIS/core_cm3.c(635): warning: no previous prototype for function '__REV16' [-Wmissing-prototypes]
uint32_t __REV16(uint16_t value)
         ^
CMSIS/core_cm3.c(635): note: declare 'static' if the function is not intended to be used outside of this translation unit
uint32_t __REV16(uint16_t value)
^
static 
CMSIS/core_cm3.c(656): warning: implicit conversion changes signedness: 'uint32_t' (aka 'unsigned int') to 'int32_t' (aka 'int') [-Wsign-conversion]
  return(result);
  ~~~~~~ ^~~~~~
CMSIS/core_cm3.c(651): warning: no previous prototype for function '__REVSH' [-Wmissing-prototypes]
int32_t __REVSH(int16_t value)
        ^
CMSIS/core_cm3.c(651): note: declare 'static' if the function is not intended to be used outside of this translation unit
int32_t __REVSH(int16_t value)
^
static 
CMSIS/core_cm3.c(667): warning: no previous prototype for function '__RBIT' [-Wmissing-prototypes]
uint32_t __RBIT(uint32_t value)
         ^
CMSIS/core_cm3.c(667): note: declare 'static' if the function is not intended to be used outside of this translation unit
uint32_t __RBIT(uint32_t value)
^
static 
CMSIS/core_cm3.c(683): warning: no previous prototype for function '__LDREXB' [-Wmissing-prototypes]
uint8_t __LDREXB(uint8_t *addr)
        ^
CMSIS/core_cm3.c(683): note: declare 'static' if the function is not intended to be used outside of this translation unit
uint8_t __LDREXB(uint8_t *addr)
^
static 
CMSIS/core_cm3.c(699): warning: no previous prototype for function '__LDREXH' [-Wmissing-prototypes]
uint16_t __LDREXH(uint16_t *addr)
         ^
CMSIS/core_cm3.c(699): note: declare 'static' if the function is not intended to be used outside of this translation unit
uint16_t __LDREXH(uint16_t *addr)
^
static 
CMSIS/core_cm3.c(715): warning: no previous prototype for function '__LDREXW' [-Wmissing-prototypes]
uint32_t __LDREXW(uint32_t *addr)
         ^
CMSIS/core_cm3.c(715): note: declare 'static' if the function is not intended to be used outside of this translation unit
uint32_t __LDREXW(uint32_t *addr)
^
static 
CMSIS/core_cm3.c(732): warning: no previous prototype for function '__STREXB' [-Wmissing-prototypes]
uint32_t __STREXB(uint8_t value, uint8_t *addr)
         ^
CMSIS/core_cm3.c(732): note: declare 'static' if the function is not intended to be used outside of this translation unit
uint32_t __STREXB(uint8_t value, uint8_t *addr)
^
static 
CMSIS/core_cm3.c(749): warning: no previous prototype for function '__STREXH' [-Wmissing-prototypes]
uint32_t __STREXH(uint16_t value, uint16_t *addr)
         ^
CMSIS/core_cm3.c(749): note: declare 'static' if the function is not intended to be used outside of this translation unit
uint32_t __STREXH(uint16_t value, uint16_t *addr)
^
static 
CMSIS/core_cm3.c(766): warning: no previous prototype for function '__STREXW' [-Wmissing-prototypes]
uint32_t __STREXW(uint32_t value, uint32_t *addr)
         ^
CMSIS/core_cm3.c(766): note: declare 'static' if the function is not intended to be used outside of this translation unit
uint32_t __STREXW(uint32_t value, uint32_t *addr)
^
static 
19 warnings and 4 errors generated.
compiling core_cm3.c...
USER/main.c(2): warning: In file included from...
./CMSIS\stm32f10x.h(478): warning: In file included from...
./CMSIS/core_cm3.h(1720): warning: function 'NVIC_SystemReset' could be declared with attribute 'noreturn' [-Wmissing-noreturn]
{
^
USER/main.c(10): warning: no newline at end of file [-Wnewline-eof]
}
 ^
2 warnings generated.
compiling main.c...
".\control_BALL.axf" - 4 Error(s), 21 Warning(s).

<h2>Software Packages used:</h2>

Package Vendor: Keil
                http://www.keil.com/pack/Keil.STM32F1xx_DFP.2.2.0.pack
                Keil.STM32F1xx_DFP.2.2.0
                STMicroelectronics STM32F1 Series Device Support, Drivers and Examples

<h2>Collection of Component include folders:</h2>
  D:\keil\ARM\PACK\Keil\STM32F1xx_DFP\2.2.0\Device\Include

<h2>Collection of Component Files used:</h2>
Target not created.
Build Time Elapsed:  00:00:01
</pre>
</body>
</html>
